<!DOCTYPE html>
<html>
<head>
<meta http-equiv="Content-Type" content="text/html; charset=utf-8"/>
<meta http-equiv="x-ua-compatible" content="IE=edge"/>
<title>Test results - MemberServiceTest</title>
<link href="../css/base-style.css" rel="stylesheet" type="text/css"/>
<link href="../css/style.css" rel="stylesheet" type="text/css"/>
<script src="../js/report.js" type="text/javascript"></script>
</head>
<body>
<div id="content">
<h1>MemberServiceTest</h1>
<div class="breadcrumbs">
<a href="../index.html">all</a> &gt; 
<a href="../packages/com.neurotoxin.steamclone.service.html">com.neurotoxin.steamclone.service</a> &gt; MemberServiceTest</div>
<div id="summary">
<table>
<tr>
<td>
<div class="summaryGroup">
<table>
<tr>
<td>
<div class="infoBox" id="tests">
<div class="counter">1</div>
<p>tests</p>
</div>
</td>
<td>
<div class="infoBox" id="failures">
<div class="counter">1</div>
<p>failures</p>
</div>
</td>
<td>
<div class="infoBox" id="ignored">
<div class="counter">0</div>
<p>ignored</p>
</div>
</td>
<td>
<div class="infoBox" id="duration">
<div class="counter">0.191s</div>
<p>duration</p>
</div>
</td>
</tr>
</table>
</div>
</td>
<td>
<div class="infoBox failures" id="successRate">
<div class="percent">0%</div>
<p>successful</p>
</div>
</td>
</tr>
</table>
</div>
<div id="tabs">
<ul class="tabLinks">
<li>
<a href="#tab0">Failed tests</a>
</li>
<li>
<a href="#tab1">Tests</a>
</li>
<li>
<a href="#tab2">Standard output</a>
</li>
</ul>
<div id="tab0" class="tab">
<h2>Failed tests</h2>
<div class="test">
<a name="회원_생성()"></a>
<h3 class="failures">회원생성</h3>
<span class="code">
<pre>org.springframework.dao.InvalidDataAccessApiUsageException: org.hibernate.TransientPropertyValueException: object references an unsaved transient instance - save the transient instance before flushing : com.neurotoxin.steamclone.Entity.Member.library -&gt; com.neurotoxin.steamclone.Entity.Library; nested exception is java.lang.IllegalStateException: org.hibernate.TransientPropertyValueException: object references an unsaved transient instance - save the transient instance before flushing : com.neurotoxin.steamclone.Entity.Member.library -&gt; com.neurotoxin.steamclone.Entity.Library
	at app//org.springframework.orm.jpa.EntityManagerFactoryUtils.convertJpaAccessExceptionIfPossible(EntityManagerFactoryUtils.java:371)
	at app//org.springframework.orm.jpa.vendor.HibernateJpaDialect.translateExceptionIfPossible(HibernateJpaDialect.java:235)
	at app//org.springframework.orm.jpa.JpaTransactionManager.doCommit(JpaTransactionManager.java:566)
	at app//org.springframework.transaction.support.AbstractPlatformTransactionManager.processCommit(AbstractPlatformTransactionManager.java:743)
	at app//org.springframework.transaction.support.AbstractPlatformTransactionManager.commit(AbstractPlatformTransactionManager.java:711)
	at app//org.springframework.transaction.interceptor.TransactionAspectSupport.commitTransactionAfterReturning(TransactionAspectSupport.java:654)
	at app//org.springframework.transaction.interceptor.TransactionAspectSupport.invokeWithinTransaction(TransactionAspectSupport.java:407)
	at app//org.springframework.transaction.interceptor.TransactionInterceptor.invoke(TransactionInterceptor.java:119)
	at app//org.springframework.aop.framework.ReflectiveMethodInvocation.proceed(ReflectiveMethodInvocation.java:186)
	at app//org.springframework.dao.support.PersistenceExceptionTranslationInterceptor.invoke(PersistenceExceptionTranslationInterceptor.java:137)
	at app//org.springframework.aop.framework.ReflectiveMethodInvocation.proceed(ReflectiveMethodInvocation.java:186)
	at app//org.springframework.data.jpa.repository.support.CrudMethodMetadataPostProcessor$CrudMethodMetadataPopulatingMethodInterceptor.invoke(CrudMethodMetadataPostProcessor.java:174)
	at app//org.springframework.aop.framework.ReflectiveMethodInvocation.proceed(ReflectiveMethodInvocation.java:186)
	at app//org.springframework.aop.interceptor.ExposeInvocationInterceptor.invoke(ExposeInvocationInterceptor.java:97)
	at app//org.springframework.aop.framework.ReflectiveMethodInvocation.proceed(ReflectiveMethodInvocation.java:186)
	at app//org.springframework.aop.framework.JdkDynamicAopProxy.invoke(JdkDynamicAopProxy.java:241)
	at app//com.sun.proxy.$Proxy115.save(Unknown Source)
	at app//com.neurotoxin.steamclone.service.MemberService.create(MemberService.java:21)
	at app//com.neurotoxin.steamclone.service.MemberServiceTest.회원_생성(MemberServiceTest.java:43)
	at java.base@11.0.17/jdk.internal.reflect.NativeMethodAccessorImpl.invoke0(Native Method)
	at java.base@11.0.17/jdk.internal.reflect.NativeMethodAccessorImpl.invoke(NativeMethodAccessorImpl.java:62)
	at java.base@11.0.17/jdk.internal.reflect.DelegatingMethodAccessorImpl.invoke(DelegatingMethodAccessorImpl.java:43)
	at java.base@11.0.17/java.lang.reflect.Method.invoke(Method.java:566)
	at app//org.junit.platform.commons.util.ReflectionUtils.invokeMethod(ReflectionUtils.java:725)
	at app//org.junit.jupiter.engine.execution.MethodInvocation.proceed(MethodInvocation.java:60)
	at app//org.junit.jupiter.engine.execution.InvocationInterceptorChain$ValidatingInvocation.proceed(InvocationInterceptorChain.java:131)
	at app//org.junit.jupiter.engine.extension.TimeoutExtension.intercept(TimeoutExtension.java:149)
	at app//org.junit.jupiter.engine.extension.TimeoutExtension.interceptTestableMethod(TimeoutExtension.java:140)
	at app//org.junit.jupiter.engine.extension.TimeoutExtension.interceptTestMethod(TimeoutExtension.java:84)
	at app//org.junit.jupiter.engine.execution.ExecutableInvoker$ReflectiveInterceptorCall.lambda$ofVoidMethod$0(ExecutableInvoker.java:115)
	at app//org.junit.jupiter.engine.execution.ExecutableInvoker.lambda$invoke$0(ExecutableInvoker.java:105)
	at app//org.junit.jupiter.engine.execution.InvocationInterceptorChain$InterceptedInvocation.proceed(InvocationInterceptorChain.java:106)
	at app//org.junit.jupiter.engine.execution.InvocationInterceptorChain.proceed(InvocationInterceptorChain.java:64)
	at app//org.junit.jupiter.engine.execution.InvocationInterceptorChain.chainAndInvoke(InvocationInterceptorChain.java:45)
	at app//org.junit.jupiter.engine.execution.InvocationInterceptorChain.invoke(InvocationInterceptorChain.java:37)
	at app//org.junit.jupiter.engine.execution.ExecutableInvoker.invoke(ExecutableInvoker.java:104)
	at app//org.junit.jupiter.engine.execution.ExecutableInvoker.invoke(ExecutableInvoker.java:98)
	at app//org.junit.jupiter.engine.descriptor.TestMethodTestDescriptor.lambda$invokeTestMethod$7(TestMethodTestDescriptor.java:214)
	at app//org.junit.platform.engine.support.hierarchical.ThrowableCollector.execute(ThrowableCollector.java:73)
	at app//org.junit.jupiter.engine.descriptor.TestMethodTestDescriptor.invokeTestMethod(TestMethodTestDescriptor.java:210)
	at app//org.junit.jupiter.engine.descriptor.TestMethodTestDescriptor.execute(TestMethodTestDescriptor.java:135)
	at app//org.junit.jupiter.engine.descriptor.TestMethodTestDescriptor.execute(TestMethodTestDescriptor.java:66)
	at app//org.junit.platform.engine.support.hierarchical.NodeTestTask.lambda$executeRecursively$6(NodeTestTask.java:151)
	at app//org.junit.platform.engine.support.hierarchical.ThrowableCollector.execute(ThrowableCollector.java:73)
	at app//org.junit.platform.engine.support.hierarchical.NodeTestTask.lambda$executeRecursively$8(NodeTestTask.java:141)
	at app//org.junit.platform.engine.support.hierarchical.Node.around(Node.java:137)
	at app//org.junit.platform.engine.support.hierarchical.NodeTestTask.lambda$executeRecursively$9(NodeTestTask.java:139)
	at app//org.junit.platform.engine.support.hierarchical.ThrowableCollector.execute(ThrowableCollector.java:73)
	at app//org.junit.platform.engine.support.hierarchical.NodeTestTask.executeRecursively(NodeTestTask.java:138)
	at app//org.junit.platform.engine.support.hierarchical.NodeTestTask.execute(NodeTestTask.java:95)
	at java.base@11.0.17/java.util.ArrayList.forEach(ArrayList.java:1541)
	at app//org.junit.platform.engine.support.hierarchical.SameThreadHierarchicalTestExecutorService.invokeAll(SameThreadHierarchicalTestExecutorService.java:41)
	at app//org.junit.platform.engine.support.hierarchical.NodeTestTask.lambda$executeRecursively$6(NodeTestTask.java:155)
	at app//org.junit.platform.engine.support.hierarchical.ThrowableCollector.execute(ThrowableCollector.java:73)
	at app//org.junit.platform.engine.support.hierarchical.NodeTestTask.lambda$executeRecursively$8(NodeTestTask.java:141)
	at app//org.junit.platform.engine.support.hierarchical.Node.around(Node.java:137)
	at app//org.junit.platform.engine.support.hierarchical.NodeTestTask.lambda$executeRecursively$9(NodeTestTask.java:139)
	at app//org.junit.platform.engine.support.hierarchical.ThrowableCollector.execute(ThrowableCollector.java:73)
	at app//org.junit.platform.engine.support.hierarchical.NodeTestTask.executeRecursively(NodeTestTask.java:138)
	at app//org.junit.platform.engine.support.hierarchical.NodeTestTask.execute(NodeTestTask.java:95)
	at java.base@11.0.17/java.util.ArrayList.forEach(ArrayList.java:1541)
	at app//org.junit.platform.engine.support.hierarchical.SameThreadHierarchicalTestExecutorService.invokeAll(SameThreadHierarchicalTestExecutorService.java:41)
	at app//org.junit.platform.engine.support.hierarchical.NodeTestTask.lambda$executeRecursively$6(NodeTestTask.java:155)
	at app//org.junit.platform.engine.support.hierarchical.ThrowableCollector.execute(ThrowableCollector.java:73)
	at app//org.junit.platform.engine.support.hierarchical.NodeTestTask.lambda$executeRecursively$8(NodeTestTask.java:141)
	at app//org.junit.platform.engine.support.hierarchical.Node.around(Node.java:137)
	at app//org.junit.platform.engine.support.hierarchical.NodeTestTask.lambda$executeRecursively$9(NodeTestTask.java:139)
	at app//org.junit.platform.engine.support.hierarchical.ThrowableCollector.execute(ThrowableCollector.java:73)
	at app//org.junit.platform.engine.support.hierarchical.NodeTestTask.executeRecursively(NodeTestTask.java:138)
	at app//org.junit.platform.engine.support.hierarchical.NodeTestTask.execute(NodeTestTask.java:95)
	at app//org.junit.platform.engine.support.hierarchical.SameThreadHierarchicalTestExecutorService.submit(SameThreadHierarchicalTestExecutorService.java:35)
	at app//org.junit.platform.engine.support.hierarchical.HierarchicalTestExecutor.execute(HierarchicalTestExecutor.java:57)
	at app//org.junit.platform.engine.support.hierarchical.HierarchicalTestEngine.execute(HierarchicalTestEngine.java:54)
	at app//org.junit.platform.launcher.core.EngineExecutionOrchestrator.execute(EngineExecutionOrchestrator.java:107)
	at app//org.junit.platform.launcher.core.EngineExecutionOrchestrator.execute(EngineExecutionOrchestrator.java:88)
	at app//org.junit.platform.launcher.core.EngineExecutionOrchestrator.lambda$execute$0(EngineExecutionOrchestrator.java:54)
	at app//org.junit.platform.launcher.core.EngineExecutionOrchestrator.withInterceptedStreams(EngineExecutionOrchestrator.java:67)
	at app//org.junit.platform.launcher.core.EngineExecutionOrchestrator.execute(EngineExecutionOrchestrator.java:52)
	at app//org.junit.platform.launcher.core.DefaultLauncher.execute(DefaultLauncher.java:114)
	at app//org.junit.platform.launcher.core.DefaultLauncher.execute(DefaultLauncher.java:86)
	at app//org.junit.platform.launcher.core.DefaultLauncherSession$DelegatingLauncher.execute(DefaultLauncherSession.java:86)
	at org.gradle.api.internal.tasks.testing.junitplatform.JUnitPlatformTestClassProcessor$CollectAllTestClassesExecutor.processAllTestClasses(JUnitPlatformTestClassProcessor.java:110)
	at org.gradle.api.internal.tasks.testing.junitplatform.JUnitPlatformTestClassProcessor$CollectAllTestClassesExecutor.access$000(JUnitPlatformTestClassProcessor.java:90)
	at org.gradle.api.internal.tasks.testing.junitplatform.JUnitPlatformTestClassProcessor.stop(JUnitPlatformTestClassProcessor.java:85)
	at org.gradle.api.internal.tasks.testing.SuiteTestClassProcessor.stop(SuiteTestClassProcessor.java:62)
	at java.base@11.0.17/jdk.internal.reflect.NativeMethodAccessorImpl.invoke0(Native Method)
	at java.base@11.0.17/jdk.internal.reflect.NativeMethodAccessorImpl.invoke(NativeMethodAccessorImpl.java:62)
	at java.base@11.0.17/jdk.internal.reflect.DelegatingMethodAccessorImpl.invoke(DelegatingMethodAccessorImpl.java:43)
	at java.base@11.0.17/java.lang.reflect.Method.invoke(Method.java:566)
	at org.gradle.internal.dispatch.ReflectionDispatch.dispatch(ReflectionDispatch.java:36)
	at org.gradle.internal.dispatch.ReflectionDispatch.dispatch(ReflectionDispatch.java:24)
	at org.gradle.internal.dispatch.ContextClassLoaderDispatch.dispatch(ContextClassLoaderDispatch.java:33)
	at org.gradle.internal.dispatch.ProxyDispatchAdapter$DispatchingInvocationHandler.invoke(ProxyDispatchAdapter.java:94)
	at com.sun.proxy.$Proxy2.stop(Unknown Source)
	at org.gradle.api.internal.tasks.testing.worker.TestWorker$3.run(TestWorker.java:193)
	at org.gradle.api.internal.tasks.testing.worker.TestWorker.executeAndMaintainThreadName(TestWorker.java:129)
	at org.gradle.api.internal.tasks.testing.worker.TestWorker.execute(TestWorker.java:100)
	at org.gradle.api.internal.tasks.testing.worker.TestWorker.execute(TestWorker.java:60)
	at org.gradle.process.internal.worker.child.ActionExecutionWorker.execute(ActionExecutionWorker.java:56)
	at org.gradle.process.internal.worker.child.SystemApplicationClassLoaderWorker.call(SystemApplicationClassLoaderWorker.java:113)
	at org.gradle.process.internal.worker.child.SystemApplicationClassLoaderWorker.call(SystemApplicationClassLoaderWorker.java:65)
	at app//worker.org.gradle.process.internal.worker.GradleWorkerMain.run(GradleWorkerMain.java:69)
	at app//worker.org.gradle.process.internal.worker.GradleWorkerMain.main(GradleWorkerMain.java:74)
Caused by: java.lang.IllegalStateException: org.hibernate.TransientPropertyValueException: object references an unsaved transient instance - save the transient instance before flushing : com.neurotoxin.steamclone.Entity.Member.library -&gt; com.neurotoxin.steamclone.Entity.Library
	at org.hibernate.internal.ExceptionConverterImpl.convert(ExceptionConverterImpl.java:151)
	at org.hibernate.internal.ExceptionConverterImpl.convert(ExceptionConverterImpl.java:181)
	at org.hibernate.internal.ExceptionConverterImpl.convert(ExceptionConverterImpl.java:188)
	at org.hibernate.internal.SessionImpl.doFlush(SessionImpl.java:1411)
	at org.hibernate.internal.SessionImpl.managedFlush(SessionImpl.java:489)
	at org.hibernate.internal.SessionImpl.flushBeforeTransactionCompletion(SessionImpl.java:3303)
	at org.hibernate.internal.SessionImpl.beforeTransactionCompletion(SessionImpl.java:2438)
	at org.hibernate.engine.jdbc.internal.JdbcCoordinatorImpl.beforeTransactionCompletion(JdbcCoordinatorImpl.java:449)
	at org.hibernate.resource.transaction.backend.jdbc.internal.JdbcResourceLocalTransactionCoordinatorImpl.beforeCompletionCallback(JdbcResourceLocalTransactionCoordinatorImpl.java:183)
	at org.hibernate.resource.transaction.backend.jdbc.internal.JdbcResourceLocalTransactionCoordinatorImpl.access$300(JdbcResourceLocalTransactionCoordinatorImpl.java:40)
	at org.hibernate.resource.transaction.backend.jdbc.internal.JdbcResourceLocalTransactionCoordinatorImpl$TransactionDriverControlImpl.commit(JdbcResourceLocalTransactionCoordinatorImpl.java:281)
	at org.hibernate.engine.transaction.internal.TransactionImpl.commit(TransactionImpl.java:101)
	at org.springframework.orm.jpa.JpaTransactionManager.doCommit(JpaTransactionManager.java:562)
	... 100 more
Caused by: org.hibernate.TransientPropertyValueException: object references an unsaved transient instance - save the transient instance before flushing : com.neurotoxin.steamclone.Entity.Member.library -&gt; com.neurotoxin.steamclone.Entity.Library
	at app//org.hibernate.engine.spi.CascadingActions$8.noCascade(CascadingActions.java:379)
	at app//org.hibernate.engine.internal.Cascade.cascade(Cascade.java:169)
	at app//org.hibernate.event.internal.AbstractFlushingEventListener.cascadeOnFlush(AbstractFlushingEventListener.java:159)
	at app//org.hibernate.event.internal.AbstractFlushingEventListener.prepareEntityFlushes(AbstractFlushingEventListener.java:149)
	at app//org.hibernate.event.internal.AbstractFlushingEventListener.flushEverythingToExecutions(AbstractFlushingEventListener.java:82)
	at app//org.hibernate.event.internal.DefaultFlushEventListener.onFlush(DefaultFlushEventListener.java:39)
	at app//org.hibernate.event.service.internal.EventListenerGroupImpl.fireEventOnEachListener(EventListenerGroupImpl.java:107)
	at app//org.hibernate.internal.SessionImpl.doFlush(SessionImpl.java:1407)
	... 109 more
</pre>
</span>
</div>
</div>
<div id="tab1" class="tab">
<h2>Tests</h2>
<table>
<thead>
<tr>
<th>Test</th>
<th>Method name</th>
<th>Duration</th>
<th>Result</th>
</tr>
</thead>
<tr>
<td class="failures">회원생성</td>
<td class="failures">회원_생성()</td>
<td class="failures">0.191s</td>
<td class="failures">failed</td>
</tr>
</table>
</div>
<div id="tab2" class="tab">
<h2>Standard output</h2>
<span class="code">
<pre>19:59:31.607 [Test worker] DEBUG org.springframework.test.context.BootstrapUtils - Instantiating CacheAwareContextLoaderDelegate from class [org.springframework.test.context.cache.DefaultCacheAwareContextLoaderDelegate]
19:59:31.613 [Test worker] DEBUG org.springframework.test.context.BootstrapUtils - Instantiating BootstrapContext using constructor [public org.springframework.test.context.support.DefaultBootstrapContext(java.lang.Class,org.springframework.test.context.CacheAwareContextLoaderDelegate)]
19:59:31.630 [Test worker] DEBUG org.springframework.test.context.BootstrapUtils - Instantiating TestContextBootstrapper for test class [com.neurotoxin.steamclone.service.MemberServiceTest] from class [org.springframework.boot.test.context.SpringBootTestContextBootstrapper]
19:59:31.635 [Test worker] INFO org.springframework.boot.test.context.SpringBootTestContextBootstrapper - Neither @ContextConfiguration nor @ContextHierarchy found for test class [com.neurotoxin.steamclone.service.MemberServiceTest], using SpringBootContextLoader
19:59:31.637 [Test worker] DEBUG org.springframework.test.context.support.AbstractContextLoader - Did not detect default resource location for test class [com.neurotoxin.steamclone.service.MemberServiceTest]: class path resource [com/neurotoxin/steamclone/service/MemberServiceTest-context.xml] does not exist
19:59:31.638 [Test worker] DEBUG org.springframework.test.context.support.AbstractContextLoader - Did not detect default resource location for test class [com.neurotoxin.steamclone.service.MemberServiceTest]: class path resource [com/neurotoxin/steamclone/service/MemberServiceTestContext.groovy] does not exist
19:59:31.638 [Test worker] INFO org.springframework.test.context.support.AbstractContextLoader - Could not detect default resource locations for test class [com.neurotoxin.steamclone.service.MemberServiceTest]: no resource found for suffixes {-context.xml, Context.groovy}.
19:59:31.638 [Test worker] INFO org.springframework.test.context.support.AnnotationConfigContextLoaderUtils - Could not detect default configuration classes for test class [com.neurotoxin.steamclone.service.MemberServiceTest]: MemberServiceTest does not declare any static, non-private, non-final, nested classes annotated with @Configuration.
19:59:31.661 [Test worker] DEBUG org.springframework.test.context.support.ActiveProfilesUtils - Could not find an 'annotation declaring class' for annotation type [org.springframework.test.context.ActiveProfiles] and class [com.neurotoxin.steamclone.service.MemberServiceTest]
19:59:31.696 [Test worker] DEBUG org.springframework.context.annotation.ClassPathScanningCandidateComponentProvider - Identified candidate component class: file [/Users/minsu/Desktop/2023-steamclone/build/classes/java/main/com/neurotoxin/steamclone/SteamCloneApplication.class]
19:59:31.697 [Test worker] INFO org.springframework.boot.test.context.SpringBootTestContextBootstrapper - Found @SpringBootConfiguration com.neurotoxin.steamclone.SteamCloneApplication for test class com.neurotoxin.steamclone.service.MemberServiceTest
19:59:31.749 [Test worker] DEBUG org.springframework.boot.test.context.SpringBootTestContextBootstrapper - @TestExecutionListeners is not present for class [com.neurotoxin.steamclone.service.MemberServiceTest]: using defaults.
19:59:31.750 [Test worker] INFO org.springframework.boot.test.context.SpringBootTestContextBootstrapper - Loaded default TestExecutionListener class names from location [META-INF/spring.factories]: [org.springframework.boot.test.autoconfigure.restdocs.RestDocsTestExecutionListener, org.springframework.boot.test.autoconfigure.web.client.MockRestServiceServerResetTestExecutionListener, org.springframework.boot.test.autoconfigure.web.servlet.MockMvcPrintOnlyOnFailureTestExecutionListener, org.springframework.boot.test.autoconfigure.web.servlet.WebDriverTestExecutionListener, org.springframework.boot.test.autoconfigure.webservices.client.MockWebServiceServerTestExecutionListener, org.springframework.boot.test.mock.mockito.MockitoTestExecutionListener, org.springframework.boot.test.mock.mockito.ResetMocksTestExecutionListener, org.springframework.test.context.web.ServletTestExecutionListener, org.springframework.test.context.support.DirtiesContextBeforeModesTestExecutionListener, org.springframework.test.context.event.ApplicationEventsTestExecutionListener, org.springframework.test.context.support.DependencyInjectionTestExecutionListener, org.springframework.test.context.support.DirtiesContextTestExecutionListener, org.springframework.test.context.transaction.TransactionalTestExecutionListener, org.springframework.test.context.jdbc.SqlScriptsTestExecutionListener, org.springframework.test.context.event.EventPublishingTestExecutionListener]
19:59:31.758 [Test worker] INFO org.springframework.boot.test.context.SpringBootTestContextBootstrapper - Using TestExecutionListeners: [org.springframework.test.context.web.ServletTestExecutionListener@77b21474, org.springframework.test.context.support.DirtiesContextBeforeModesTestExecutionListener@52d10fb8, org.springframework.test.context.event.ApplicationEventsTestExecutionListener@41c07648, org.springframework.boot.test.mock.mockito.MockitoTestExecutionListener@1fe8d51b, org.springframework.boot.test.autoconfigure.SpringBootDependencyInjectionTestExecutionListener@781e7326, org.springframework.test.context.support.DirtiesContextTestExecutionListener@22680f52, org.springframework.test.context.transaction.TransactionalTestExecutionListener@60d84f61, org.springframework.test.context.jdbc.SqlScriptsTestExecutionListener@39c11e6c, org.springframework.test.context.event.EventPublishingTestExecutionListener@324dcd31, org.springframework.boot.test.autoconfigure.restdocs.RestDocsTestExecutionListener@503d56b5, org.springframework.boot.test.autoconfigure.web.client.MockRestServiceServerResetTestExecutionListener@72bca894, org.springframework.boot.test.autoconfigure.web.servlet.MockMvcPrintOnlyOnFailureTestExecutionListener@433ffad1, org.springframework.boot.test.autoconfigure.web.servlet.WebDriverTestExecutionListener@1fc793c2, org.springframework.boot.test.autoconfigure.webservices.client.MockWebServiceServerTestExecutionListener@2575f671, org.springframework.boot.test.mock.mockito.ResetMocksTestExecutionListener@329a1243]
19:59:31.760 [Test worker] DEBUG org.springframework.test.context.support.AbstractDirtiesContextTestExecutionListener - Before test class: context [DefaultTestContext@588ab592 testClass = MemberServiceTest, testInstance = [null], testMethod = [null], testException = [null], mergedContextConfiguration = [WebMergedContextConfiguration@c8b96ec testClass = MemberServiceTest, locations = '{}', classes = '{class com.neurotoxin.steamclone.SteamCloneApplication}', contextInitializerClasses = '[]', activeProfiles = '{}', propertySourceLocations = '{}', propertySourceProperties = '{org.springframework.boot.test.context.SpringBootTestContextBootstrapper=true}', contextCustomizers = set[org.springframework.boot.test.autoconfigure.actuate.metrics.MetricsExportContextCustomizerFactory$DisableMetricExportContextCustomizer@3dd1dc90, org.springframework.boot.test.autoconfigure.properties.PropertyMappingContextCustomizer@0, org.springframework.boot.test.autoconfigure.web.servlet.WebDriverContextCustomizerFactory$Customizer@75f65e45, org.springframework.boot.test.context.filter.ExcludeFilterContextCustomizer@75390459, org.springframework.boot.test.json.DuplicateJsonObjectContextCustomizerFactory$DuplicateJsonObjectContextCustomizer@57fd91c9, org.springframework.boot.test.mock.mockito.MockitoContextCustomizer@0, org.springframework.boot.test.web.client.TestRestTemplateContextCustomizer@25e2a451, org.springframework.boot.test.context.SpringBootTestArgs@1, org.springframework.boot.test.context.SpringBootTestWebEnvironment@4ef74c30], resourceBasePath = 'src/main/webapp', contextLoader = 'org.springframework.boot.test.context.SpringBootContextLoader', parent = [null]], attributes = map['org.springframework.test.context.web.ServletTestExecutionListener.activateListener' -&gt; true]], class annotated with @DirtiesContext [false] with mode [null].

  .   ____          _            __ _ _
 /\\ / ___'_ __ _ _(_)_ __  __ _ \ \ \ \
( ( )\___ | '_ | '_| | '_ \/ _` | \ \ \ \
 \\/  ___)| |_)| | | | | || (_| |  ) ) ) )
  '  |____| .__|_| |_|_| |_\__, | / / / /
 =========|_|==============|___/=/_/_/_/
 :: Spring Boot ::               (v2.7.13)

2023-07-04 19:59:32.161  INFO 2760 --- [    Test worker] c.n.s.service.MemberServiceTest          : Starting MemberServiceTest using Java 11.0.17 on minsusonui-noteubug.local with PID 2760 (started by minsu in /Users/minsu/Desktop/2023-steamclone)
2023-07-04 19:59:32.162  INFO 2760 --- [    Test worker] c.n.s.service.MemberServiceTest          : No active profile set, falling back to 1 default profile: &quot;default&quot;
2023-07-04 19:59:32.466  INFO 2760 --- [    Test worker] .s.d.r.c.RepositoryConfigurationDelegate : Bootstrapping Spring Data JPA repositories in DEFAULT mode.
2023-07-04 19:59:32.495  INFO 2760 --- [    Test worker] .s.d.r.c.RepositoryConfigurationDelegate : Finished Spring Data repository scanning in 25 ms. Found 6 JPA repository interfaces.
2023-07-04 19:59:32.811  INFO 2760 --- [    Test worker] o.hibernate.jpa.internal.util.LogHelper  : HHH000204: Processing PersistenceUnitInfo [name: default]
2023-07-04 19:59:32.834  INFO 2760 --- [    Test worker] org.hibernate.Version                    : HHH000412: Hibernate ORM core version 5.6.15.Final
2023-07-04 19:59:32.917  INFO 2760 --- [    Test worker] o.hibernate.annotations.common.Version   : HCANN000001: Hibernate Commons Annotations {5.1.2.Final}
2023-07-04 19:59:32.930 DEBUG 2760 --- [    Test worker] org.hibernate.type.BasicTypeRegistry     : Adding type registration boolean -&gt; org.hibernate.type.BooleanType@28bf82d9
2023-07-04 19:59:32.930 DEBUG 2760 --- [    Test worker] org.hibernate.type.BasicTypeRegistry     : Adding type registration boolean -&gt; org.hibernate.type.BooleanType@28bf82d9
2023-07-04 19:59:32.930 DEBUG 2760 --- [    Test worker] org.hibernate.type.BasicTypeRegistry     : Adding type registration java.lang.Boolean -&gt; org.hibernate.type.BooleanType@28bf82d9
2023-07-04 19:59:32.930 DEBUG 2760 --- [    Test worker] org.hibernate.type.BasicTypeRegistry     : Adding type registration numeric_boolean -&gt; org.hibernate.type.NumericBooleanType@566fe83c
2023-07-04 19:59:32.930 DEBUG 2760 --- [    Test worker] org.hibernate.type.BasicTypeRegistry     : Adding type registration true_false -&gt; org.hibernate.type.TrueFalseType@16bbaab3
2023-07-04 19:59:32.931 DEBUG 2760 --- [    Test worker] org.hibernate.type.BasicTypeRegistry     : Adding type registration yes_no -&gt; org.hibernate.type.YesNoType@1ffd0114
2023-07-04 19:59:32.931 DEBUG 2760 --- [    Test worker] org.hibernate.type.BasicTypeRegistry     : Adding type registration byte -&gt; org.hibernate.type.ByteType@5dfd31f4
2023-07-04 19:59:32.932 DEBUG 2760 --- [    Test worker] org.hibernate.type.BasicTypeRegistry     : Adding type registration byte -&gt; org.hibernate.type.ByteType@5dfd31f4
2023-07-04 19:59:32.932 DEBUG 2760 --- [    Test worker] org.hibernate.type.BasicTypeRegistry     : Adding type registration java.lang.Byte -&gt; org.hibernate.type.ByteType@5dfd31f4
2023-07-04 19:59:32.932 DEBUG 2760 --- [    Test worker] org.hibernate.type.BasicTypeRegistry     : Adding type registration character -&gt; org.hibernate.type.CharacterType@25ae1f80
2023-07-04 19:59:32.932 DEBUG 2760 --- [    Test worker] org.hibernate.type.BasicTypeRegistry     : Adding type registration char -&gt; org.hibernate.type.CharacterType@25ae1f80
2023-07-04 19:59:32.932 DEBUG 2760 --- [    Test worker] org.hibernate.type.BasicTypeRegistry     : Adding type registration java.lang.Character -&gt; org.hibernate.type.CharacterType@25ae1f80
2023-07-04 19:59:32.933 DEBUG 2760 --- [    Test worker] org.hibernate.type.BasicTypeRegistry     : Adding type registration short -&gt; org.hibernate.type.ShortType@568f4faa
2023-07-04 19:59:32.933 DEBUG 2760 --- [    Test worker] org.hibernate.type.BasicTypeRegistry     : Adding type registration short -&gt; org.hibernate.type.ShortType@568f4faa
2023-07-04 19:59:32.933 DEBUG 2760 --- [    Test worker] org.hibernate.type.BasicTypeRegistry     : Adding type registration java.lang.Short -&gt; org.hibernate.type.ShortType@568f4faa
2023-07-04 19:59:32.933 DEBUG 2760 --- [    Test worker] org.hibernate.type.BasicTypeRegistry     : Adding type registration integer -&gt; org.hibernate.type.IntegerType@20b829d5
2023-07-04 19:59:32.933 DEBUG 2760 --- [    Test worker] org.hibernate.type.BasicTypeRegistry     : Adding type registration int -&gt; org.hibernate.type.IntegerType@20b829d5
2023-07-04 19:59:32.933 DEBUG 2760 --- [    Test worker] org.hibernate.type.BasicTypeRegistry     : Adding type registration java.lang.Integer -&gt; org.hibernate.type.IntegerType@20b829d5
2023-07-04 19:59:32.935 DEBUG 2760 --- [    Test worker] org.hibernate.type.BasicTypeRegistry     : Adding type registration long -&gt; org.hibernate.type.LongType@7757025d
2023-07-04 19:59:32.935 DEBUG 2760 --- [    Test worker] org.hibernate.type.BasicTypeRegistry     : Adding type registration long -&gt; org.hibernate.type.LongType@7757025d
2023-07-04 19:59:32.935 DEBUG 2760 --- [    Test worker] org.hibernate.type.BasicTypeRegistry     : Adding type registration java.lang.Long -&gt; org.hibernate.type.LongType@7757025d
2023-07-04 19:59:32.935 DEBUG 2760 --- [    Test worker] org.hibernate.type.BasicTypeRegistry     : Adding type registration float -&gt; org.hibernate.type.FloatType@54567b05
2023-07-04 19:59:32.936 DEBUG 2760 --- [    Test worker] org.hibernate.type.BasicTypeRegistry     : Adding type registration float -&gt; org.hibernate.type.FloatType@54567b05
2023-07-04 19:59:32.936 DEBUG 2760 --- [    Test worker] org.hibernate.type.BasicTypeRegistry     : Adding type registration java.lang.Float -&gt; org.hibernate.type.FloatType@54567b05
2023-07-04 19:59:32.936 DEBUG 2760 --- [    Test worker] org.hibernate.type.BasicTypeRegistry     : Adding type registration double -&gt; org.hibernate.type.DoubleType@25de8898
2023-07-04 19:59:32.936 DEBUG 2760 --- [    Test worker] org.hibernate.type.BasicTypeRegistry     : Adding type registration double -&gt; org.hibernate.type.DoubleType@25de8898
2023-07-04 19:59:32.936 DEBUG 2760 --- [    Test worker] org.hibernate.type.BasicTypeRegistry     : Adding type registration java.lang.Double -&gt; org.hibernate.type.DoubleType@25de8898
2023-07-04 19:59:32.937 DEBUG 2760 --- [    Test worker] org.hibernate.type.BasicTypeRegistry     : Adding type registration big_decimal -&gt; org.hibernate.type.BigDecimalType@27bb4dc5
2023-07-04 19:59:32.937 DEBUG 2760 --- [    Test worker] org.hibernate.type.BasicTypeRegistry     : Adding type registration java.math.BigDecimal -&gt; org.hibernate.type.BigDecimalType@27bb4dc5
2023-07-04 19:59:32.937 DEBUG 2760 --- [    Test worker] org.hibernate.type.BasicTypeRegistry     : Adding type registration big_integer -&gt; org.hibernate.type.BigIntegerType@1f179f51
2023-07-04 19:59:32.937 DEBUG 2760 --- [    Test worker] org.hibernate.type.BasicTypeRegistry     : Adding type registration java.math.BigInteger -&gt; org.hibernate.type.BigIntegerType@1f179f51
2023-07-04 19:59:32.938 DEBUG 2760 --- [    Test worker] org.hibernate.type.BasicTypeRegistry     : Adding type registration string -&gt; org.hibernate.type.StringType@2fac80a8
2023-07-04 19:59:32.938 DEBUG 2760 --- [    Test worker] org.hibernate.type.BasicTypeRegistry     : Adding type registration java.lang.String -&gt; org.hibernate.type.StringType@2fac80a8
2023-07-04 19:59:32.938 DEBUG 2760 --- [    Test worker] org.hibernate.type.BasicTypeRegistry     : Adding type registration nstring -&gt; org.hibernate.type.StringNVarcharType@4af12a63
2023-07-04 19:59:32.938 DEBUG 2760 --- [    Test worker] org.hibernate.type.BasicTypeRegistry     : Adding type registration ncharacter -&gt; org.hibernate.type.CharacterNCharType@2a1e57c6
2023-07-04 19:59:32.938 DEBUG 2760 --- [    Test worker] org.hibernate.type.BasicTypeRegistry     : Adding type registration url -&gt; org.hibernate.type.UrlType@6d421fe
2023-07-04 19:59:32.939 DEBUG 2760 --- [    Test worker] org.hibernate.type.BasicTypeRegistry     : Adding type registration java.net.URL -&gt; org.hibernate.type.UrlType@6d421fe
2023-07-04 19:59:32.939 DEBUG 2760 --- [    Test worker] org.hibernate.type.BasicTypeRegistry     : Adding type registration Duration -&gt; org.hibernate.type.DurationType@ba4f370
2023-07-04 19:59:32.939 DEBUG 2760 --- [    Test worker] org.hibernate.type.BasicTypeRegistry     : Adding type registration java.time.Duration -&gt; org.hibernate.type.DurationType@ba4f370
2023-07-04 19:59:32.939 DEBUG 2760 --- [    Test worker] org.hibernate.type.BasicTypeRegistry     : Adding type registration Instant -&gt; org.hibernate.type.InstantType@1682e6a
2023-07-04 19:59:32.939 DEBUG 2760 --- [    Test worker] org.hibernate.type.BasicTypeRegistry     : Adding type registration java.time.Instant -&gt; org.hibernate.type.InstantType@1682e6a
2023-07-04 19:59:32.940 DEBUG 2760 --- [    Test worker] org.hibernate.type.BasicTypeRegistry     : Adding type registration LocalDateTime -&gt; org.hibernate.type.LocalDateTimeType@67b560fe
2023-07-04 19:59:32.940 DEBUG 2760 --- [    Test worker] org.hibernate.type.BasicTypeRegistry     : Adding type registration java.time.LocalDateTime -&gt; org.hibernate.type.LocalDateTimeType@67b560fe
2023-07-04 19:59:32.940 DEBUG 2760 --- [    Test worker] org.hibernate.type.BasicTypeRegistry     : Adding type registration LocalDate -&gt; org.hibernate.type.LocalDateType@ca546a1
2023-07-04 19:59:32.940 DEBUG 2760 --- [    Test worker] org.hibernate.type.BasicTypeRegistry     : Adding type registration java.time.LocalDate -&gt; org.hibernate.type.LocalDateType@ca546a1
2023-07-04 19:59:32.941 DEBUG 2760 --- [    Test worker] org.hibernate.type.BasicTypeRegistry     : Adding type registration LocalTime -&gt; org.hibernate.type.LocalTimeType@3ea48c37
2023-07-04 19:59:32.941 DEBUG 2760 --- [    Test worker] org.hibernate.type.BasicTypeRegistry     : Adding type registration java.time.LocalTime -&gt; org.hibernate.type.LocalTimeType@3ea48c37
2023-07-04 19:59:32.941 DEBUG 2760 --- [    Test worker] org.hibernate.type.BasicTypeRegistry     : Adding type registration OffsetDateTime -&gt; org.hibernate.type.OffsetDateTimeType@3d0352
2023-07-04 19:59:32.941 DEBUG 2760 --- [    Test worker] org.hibernate.type.BasicTypeRegistry     : Adding type registration java.time.OffsetDateTime -&gt; org.hibernate.type.OffsetDateTimeType@3d0352
2023-07-04 19:59:32.942 DEBUG 2760 --- [    Test worker] org.hibernate.type.BasicTypeRegistry     : Adding type registration OffsetTime -&gt; org.hibernate.type.OffsetTimeType@38732372
2023-07-04 19:59:32.942 DEBUG 2760 --- [    Test worker] org.hibernate.type.BasicTypeRegistry     : Adding type registration java.time.OffsetTime -&gt; org.hibernate.type.OffsetTimeType@38732372
2023-07-04 19:59:32.943 DEBUG 2760 --- [    Test worker] org.hibernate.type.BasicTypeRegistry     : Adding type registration ZonedDateTime -&gt; org.hibernate.type.ZonedDateTimeType@6f07d414
2023-07-04 19:59:32.943 DEBUG 2760 --- [    Test worker] org.hibernate.type.BasicTypeRegistry     : Adding type registration java.time.ZonedDateTime -&gt; org.hibernate.type.ZonedDateTimeType@6f07d414
2023-07-04 19:59:32.943 DEBUG 2760 --- [    Test worker] org.hibernate.type.BasicTypeRegistry     : Adding type registration date -&gt; org.hibernate.type.DateType@1c00d406
2023-07-04 19:59:32.943 DEBUG 2760 --- [    Test worker] org.hibernate.type.BasicTypeRegistry     : Adding type registration java.sql.Date -&gt; org.hibernate.type.DateType@1c00d406
2023-07-04 19:59:32.944 DEBUG 2760 --- [    Test worker] org.hibernate.type.BasicTypeRegistry     : Adding type registration time -&gt; org.hibernate.type.TimeType@1c2d63f0
2023-07-04 19:59:32.944 DEBUG 2760 --- [    Test worker] org.hibernate.type.BasicTypeRegistry     : Adding type registration java.sql.Time -&gt; org.hibernate.type.TimeType@1c2d63f0
2023-07-04 19:59:32.944 DEBUG 2760 --- [    Test worker] org.hibernate.type.BasicTypeRegistry     : Adding type registration timestamp -&gt; org.hibernate.type.TimestampType@7185e611
2023-07-04 19:59:32.944 DEBUG 2760 --- [    Test worker] org.hibernate.type.BasicTypeRegistry     : Adding type registration java.sql.Timestamp -&gt; org.hibernate.type.TimestampType@7185e611
2023-07-04 19:59:32.944 DEBUG 2760 --- [    Test worker] org.hibernate.type.BasicTypeRegistry     : Adding type registration java.util.Date -&gt; org.hibernate.type.TimestampType@7185e611
2023-07-04 19:59:32.945 DEBUG 2760 --- [    Test worker] org.hibernate.type.BasicTypeRegistry     : Adding type registration dbtimestamp -&gt; org.hibernate.type.DbTimestampType@3b8507df
2023-07-04 19:59:32.946 DEBUG 2760 --- [    Test worker] org.hibernate.type.BasicTypeRegistry     : Adding type registration calendar -&gt; org.hibernate.type.CalendarType@5dc7841c
2023-07-04 19:59:32.946 DEBUG 2760 --- [    Test worker] org.hibernate.type.BasicTypeRegistry     : Adding type registration java.util.Calendar -&gt; org.hibernate.type.CalendarType@5dc7841c
2023-07-04 19:59:32.946 DEBUG 2760 --- [    Test worker] org.hibernate.type.BasicTypeRegistry     : Adding type registration java.util.GregorianCalendar -&gt; org.hibernate.type.CalendarType@5dc7841c
2023-07-04 19:59:32.946 DEBUG 2760 --- [    Test worker] org.hibernate.type.BasicTypeRegistry     : Adding type registration calendar_date -&gt; org.hibernate.type.CalendarDateType@72b40f87
2023-07-04 19:59:32.947 DEBUG 2760 --- [    Test worker] org.hibernate.type.BasicTypeRegistry     : Adding type registration calendar_time -&gt; org.hibernate.type.CalendarTimeType@507049f2
2023-07-04 19:59:32.947 DEBUG 2760 --- [    Test worker] org.hibernate.type.BasicTypeRegistry     : Adding type registration locale -&gt; org.hibernate.type.LocaleType@5ed31735
2023-07-04 19:59:32.947 DEBUG 2760 --- [    Test worker] org.hibernate.type.BasicTypeRegistry     : Adding type registration java.util.Locale -&gt; org.hibernate.type.LocaleType@5ed31735
2023-07-04 19:59:32.947 DEBUG 2760 --- [    Test worker] org.hibernate.type.BasicTypeRegistry     : Adding type registration currency -&gt; org.hibernate.type.CurrencyType@2b682e9
2023-07-04 19:59:32.947 DEBUG 2760 --- [    Test worker] org.hibernate.type.BasicTypeRegistry     : Adding type registration java.util.Currency -&gt; org.hibernate.type.CurrencyType@2b682e9
2023-07-04 19:59:32.948 DEBUG 2760 --- [    Test worker] org.hibernate.type.BasicTypeRegistry     : Adding type registration timezone -&gt; org.hibernate.type.TimeZoneType@2e2b9f53
2023-07-04 19:59:32.948 DEBUG 2760 --- [    Test worker] org.hibernate.type.BasicTypeRegistry     : Adding type registration java.util.TimeZone -&gt; org.hibernate.type.TimeZoneType@2e2b9f53
2023-07-04 19:59:32.948 DEBUG 2760 --- [    Test worker] org.hibernate.type.BasicTypeRegistry     : Adding type registration class -&gt; org.hibernate.type.ClassType@22fb9a2c
2023-07-04 19:59:32.948 DEBUG 2760 --- [    Test worker] org.hibernate.type.BasicTypeRegistry     : Adding type registration java.lang.Class -&gt; org.hibernate.type.ClassType@22fb9a2c
2023-07-04 19:59:32.948 DEBUG 2760 --- [    Test worker] org.hibernate.type.BasicTypeRegistry     : Adding type registration uuid-binary -&gt; org.hibernate.type.UUIDBinaryType@360d41d0
2023-07-04 19:59:32.948 DEBUG 2760 --- [    Test worker] org.hibernate.type.BasicTypeRegistry     : Adding type registration java.util.UUID -&gt; org.hibernate.type.UUIDBinaryType@360d41d0
2023-07-04 19:59:32.949 DEBUG 2760 --- [    Test worker] org.hibernate.type.BasicTypeRegistry     : Adding type registration uuid-char -&gt; org.hibernate.type.UUIDCharType@819fb19
2023-07-04 19:59:32.949 DEBUG 2760 --- [    Test worker] org.hibernate.type.BasicTypeRegistry     : Adding type registration binary -&gt; org.hibernate.type.BinaryType@14874a5d
2023-07-04 19:59:32.949 DEBUG 2760 --- [    Test worker] org.hibernate.type.BasicTypeRegistry     : Adding type registration byte[] -&gt; org.hibernate.type.BinaryType@14874a5d
2023-07-04 19:59:32.949 DEBUG 2760 --- [    Test worker] org.hibernate.type.BasicTypeRegistry     : Adding type registration [B -&gt; org.hibernate.type.BinaryType@14874a5d
2023-07-04 19:59:32.950 DEBUG 2760 --- [    Test worker] org.hibernate.type.BasicTypeRegistry     : Adding type registration wrapper-binary -&gt; org.hibernate.type.WrapperBinaryType@5d3f99d7
2023-07-04 19:59:32.950 DEBUG 2760 --- [    Test worker] org.hibernate.type.BasicTypeRegistry     : Adding type registration Byte[] -&gt; org.hibernate.type.WrapperBinaryType@5d3f99d7
2023-07-04 19:59:32.950 DEBUG 2760 --- [    Test worker] org.hibernate.type.BasicTypeRegistry     : Adding type registration [Ljava.lang.Byte; -&gt; org.hibernate.type.WrapperBinaryType@5d3f99d7
2023-07-04 19:59:32.950 DEBUG 2760 --- [    Test worker] org.hibernate.type.BasicTypeRegistry     : Adding type registration row_version -&gt; org.hibernate.type.RowVersionType@4239262e
2023-07-04 19:59:32.950 DEBUG 2760 --- [    Test worker] org.hibernate.type.BasicTypeRegistry     : Adding type registration image -&gt; org.hibernate.type.ImageType@352f6727
2023-07-04 19:59:32.951 DEBUG 2760 --- [    Test worker] org.hibernate.type.BasicTypeRegistry     : Adding type registration characters -&gt; org.hibernate.type.CharArrayType@63f2e0b
2023-07-04 19:59:32.951 DEBUG 2760 --- [    Test worker] org.hibernate.type.BasicTypeRegistry     : Adding type registration char[] -&gt; org.hibernate.type.CharArrayType@63f2e0b
2023-07-04 19:59:32.951 DEBUG 2760 --- [    Test worker] org.hibernate.type.BasicTypeRegistry     : Adding type registration [C -&gt; org.hibernate.type.CharArrayType@63f2e0b
2023-07-04 19:59:32.951 DEBUG 2760 --- [    Test worker] org.hibernate.type.BasicTypeRegistry     : Adding type registration wrapper-characters -&gt; org.hibernate.type.CharacterArrayType@ce561cc
2023-07-04 19:59:32.951 DEBUG 2760 --- [    Test worker] org.hibernate.type.BasicTypeRegistry     : Adding type registration [Ljava.lang.Character; -&gt; org.hibernate.type.CharacterArrayType@ce561cc
2023-07-04 19:59:32.951 DEBUG 2760 --- [    Test worker] org.hibernate.type.BasicTypeRegistry     : Adding type registration Character[] -&gt; org.hibernate.type.CharacterArrayType@ce561cc
2023-07-04 19:59:32.951 DEBUG 2760 --- [    Test worker] org.hibernate.type.BasicTypeRegistry     : Adding type registration text -&gt; org.hibernate.type.TextType@3375b118
2023-07-04 19:59:32.951 DEBUG 2760 --- [    Test worker] org.hibernate.type.BasicTypeRegistry     : Adding type registration ntext -&gt; org.hibernate.type.NTextType@5889fc44
2023-07-04 19:59:32.952 DEBUG 2760 --- [    Test worker] org.hibernate.type.BasicTypeRegistry     : Adding type registration blob -&gt; org.hibernate.type.BlobType@4438b862
2023-07-04 19:59:32.952 DEBUG 2760 --- [    Test worker] org.hibernate.type.BasicTypeRegistry     : Adding type registration java.sql.Blob -&gt; org.hibernate.type.BlobType@4438b862
2023-07-04 19:59:32.953 DEBUG 2760 --- [    Test worker] org.hibernate.type.BasicTypeRegistry     : Adding type registration materialized_blob -&gt; org.hibernate.type.MaterializedBlobType@5cdf221a
2023-07-04 19:59:32.953 DEBUG 2760 --- [    Test worker] org.hibernate.type.BasicTypeRegistry     : Adding type registration clob -&gt; org.hibernate.type.ClobType@7e77678c
2023-07-04 19:59:32.953 DEBUG 2760 --- [    Test worker] org.hibernate.type.BasicTypeRegistry     : Adding type registration java.sql.Clob -&gt; org.hibernate.type.ClobType@7e77678c
2023-07-04 19:59:32.953 DEBUG 2760 --- [    Test worker] org.hibernate.type.BasicTypeRegistry     : Adding type registration nclob -&gt; org.hibernate.type.NClobType@376b5cb2
2023-07-04 19:59:32.953 DEBUG 2760 --- [    Test worker] org.hibernate.type.BasicTypeRegistry     : Adding type registration java.sql.NClob -&gt; org.hibernate.type.NClobType@376b5cb2
2023-07-04 19:59:32.954 DEBUG 2760 --- [    Test worker] org.hibernate.type.BasicTypeRegistry     : Adding type registration materialized_clob -&gt; org.hibernate.type.MaterializedClobType@78318ac2
2023-07-04 19:59:32.954 DEBUG 2760 --- [    Test worker] org.hibernate.type.BasicTypeRegistry     : Adding type registration materialized_nclob -&gt; org.hibernate.type.MaterializedNClobType@7608a838
2023-07-04 19:59:32.954 DEBUG 2760 --- [    Test worker] org.hibernate.type.BasicTypeRegistry     : Adding type registration serializable -&gt; org.hibernate.type.SerializableType@7534785a
2023-07-04 19:59:32.956 DEBUG 2760 --- [    Test worker] org.hibernate.type.BasicTypeRegistry     : Adding type registration object -&gt; org.hibernate.type.ObjectType@4afd65fd
2023-07-04 19:59:32.957 DEBUG 2760 --- [    Test worker] org.hibernate.type.BasicTypeRegistry     : Adding type registration java.lang.Object -&gt; org.hibernate.type.ObjectType@4afd65fd
2023-07-04 19:59:32.957 DEBUG 2760 --- [    Test worker] org.hibernate.type.BasicTypeRegistry     : Adding type registration imm_date -&gt; org.hibernate.type.AdaptedImmutableType@2aa6bbad
2023-07-04 19:59:32.957 DEBUG 2760 --- [    Test worker] org.hibernate.type.BasicTypeRegistry     : Adding type registration imm_time -&gt; org.hibernate.type.AdaptedImmutableType@6b2ef50e
2023-07-04 19:59:32.957 DEBUG 2760 --- [    Test worker] org.hibernate.type.BasicTypeRegistry     : Adding type registration imm_timestamp -&gt; org.hibernate.type.AdaptedImmutableType@6f867b0c
2023-07-04 19:59:32.957 DEBUG 2760 --- [    Test worker] org.hibernate.type.BasicTypeRegistry     : Adding type registration imm_dbtimestamp -&gt; org.hibernate.type.AdaptedImmutableType@4b5ad306
2023-07-04 19:59:32.957 DEBUG 2760 --- [    Test worker] org.hibernate.type.BasicTypeRegistry     : Adding type registration imm_calendar -&gt; org.hibernate.type.AdaptedImmutableType@54be6213
2023-07-04 19:59:32.957 DEBUG 2760 --- [    Test worker] org.hibernate.type.BasicTypeRegistry     : Adding type registration imm_calendar_date -&gt; org.hibernate.type.AdaptedImmutableType@48a46b0f
2023-07-04 19:59:32.957 DEBUG 2760 --- [    Test worker] org.hibernate.type.BasicTypeRegistry     : Adding type registration imm_binary -&gt; org.hibernate.type.AdaptedImmutableType@1426370c
2023-07-04 19:59:32.958 DEBUG 2760 --- [    Test worker] org.hibernate.type.BasicTypeRegistry     : Adding type registration imm_serializable -&gt; org.hibernate.type.AdaptedImmutableType@9f9146d
2023-07-04 19:59:32.984  INFO 2760 --- [    Test worker] com.zaxxer.hikari.HikariDataSource       : HikariPool-1 - Starting...
2023-07-04 19:59:33.051  INFO 2760 --- [    Test worker] com.zaxxer.hikari.HikariDataSource       : HikariPool-1 - Start completed.
2023-07-04 19:59:33.066  INFO 2760 --- [    Test worker] org.hibernate.dialect.Dialect            : HHH000400: Using dialect: org.hibernate.dialect.H2Dialect
2023-07-04 19:59:33.085 DEBUG 2760 --- [    Test worker] o.h.type.spi.TypeConfiguration$Scope     : Scoping TypeConfiguration [org.hibernate.type.spi.TypeConfiguration@58fbcb71] to MetadataBuildingContext [org.hibernate.boot.internal.MetadataBuildingContextRootImpl@70cf7d1e]
2023-07-04 19:59:33.221 DEBUG 2760 --- [    Test worker] org.hibernate.type.EnumType              : Using NAMED-based conversion for Enum com.neurotoxin.steamclone.Entity.Grade
2023-07-04 19:59:33.222 DEBUG 2760 --- [    Test worker] o.h.type.spi.TypeConfiguration$Scope     : Scoping TypeConfiguration [org.hibernate.type.spi.TypeConfiguration@58fbcb71] to SessionFactoryImpl [org.hibernate.internal.SessionFactoryImpl@2f166d61]
2023-07-04 19:59:33.466  INFO 2760 --- [    Test worker] p6spy                                    : #1688468373466 | took 10ms | statement | connection 1| url jdbc:h2:tcp://localhost/~/pseuteam

    drop table if exists cart_item_game CASCADE 

    drop table if exists cart_item_game CASCADE ;
2023-07-04 19:59:33.468  INFO 2760 --- [    Test worker] p6spy                                    : #1688468373468 | took 2ms | statement | connection 1| url jdbc:h2:tcp://localhost/~/pseuteam

    drop table if exists game CASCADE 

    drop table if exists game CASCADE ;
2023-07-04 19:59:33.469  INFO 2760 --- [    Test worker] p6spy                                    : #1688468373469 | took 0ms | statement | connection 1| url jdbc:h2:tcp://localhost/~/pseuteam

    drop table if exists game_tag CASCADE 

    drop table if exists game_tag CASCADE ;
2023-07-04 19:59:33.470  INFO 2760 --- [    Test worker] p6spy                                    : #1688468373470 | took 0ms | statement | connection 1| url jdbc:h2:tcp://localhost/~/pseuteam

    drop table if exists library CASCADE 

    drop table if exists library CASCADE ;
2023-07-04 19:59:33.471  INFO 2760 --- [    Test worker] p6spy                                    : #1688468373471 | took 1ms | statement | connection 1| url jdbc:h2:tcp://localhost/~/pseuteam

    drop table if exists member CASCADE 

    drop table if exists member CASCADE ;
2023-07-04 19:59:33.473  INFO 2760 --- [    Test worker] p6spy                                    : #1688468373473 | took 1ms | statement | connection 1| url jdbc:h2:tcp://localhost/~/pseuteam

    drop table if exists steam CASCADE 

    drop table if exists steam CASCADE ;
2023-07-04 19:59:33.477  INFO 2760 --- [    Test worker] p6spy                                    : #1688468373477 | took 3ms | statement | connection 1| url jdbc:h2:tcp://localhost/~/pseuteam

    drop table if exists tag CASCADE 

    drop table if exists tag CASCADE ;
2023-07-04 19:59:33.479  INFO 2760 --- [    Test worker] p6spy                                    : #1688468373479 | took 1ms | statement | connection 1| url jdbc:h2:tcp://localhost/~/pseuteam

    drop table if exists wish_list_game CASCADE 

    drop table if exists wish_list_game CASCADE ;
2023-07-04 19:59:33.480  INFO 2760 --- [    Test worker] p6spy                                    : #1688468373480 | took 0ms | statement | connection 1| url jdbc:h2:tcp://localhost/~/pseuteam

    drop table if exists wish_list_item CASCADE 

    drop table if exists wish_list_item CASCADE ;
2023-07-04 19:59:33.482  INFO 2760 --- [    Test worker] p6spy                                    : #1688468373482 | took 1ms | statement | connection 1| url jdbc:h2:tcp://localhost/~/pseuteam

    drop sequence if exists hibernate_sequence

    drop sequence if exists hibernate_sequence;
2023-07-04 19:59:33.485  INFO 2760 --- [    Test worker] p6spy                                    : #1688468373485 | took 1ms | statement | connection 2| url jdbc:h2:tcp://localhost/~/pseuteam
create sequence hibernate_sequence start with 1 increment by 1
create sequence hibernate_sequence start with 1 increment by 1;
2023-07-04 19:59:33.488  INFO 2760 --- [    Test worker] p6spy                                    : #1688468373488 | took 2ms | statement | connection 2| url jdbc:h2:tcp://localhost/~/pseuteam

    create table cart_item_game (
       id bigint not null,
        cart_item_id bigint,
        game_id bigint,
        member_id bigint,
        primary key (id)
    )

    create table cart_item_game (
       id bigint not null,
        cart_item_id bigint,
        game_id bigint,
        member_id bigint,
        primary key (id)
    );
2023-07-04 19:59:33.490  INFO 2760 --- [    Test worker] p6spy                                    : #1688468373490 | took 1ms | statement | connection 2| url jdbc:h2:tcp://localhost/~/pseuteam

    create table game (
       game_id bigint not null,
        name varchar(255),
        price integer not null,
        primary key (game_id)
    )

    create table game (
       game_id bigint not null,
        name varchar(255),
        price integer not null,
        primary key (game_id)
    );
2023-07-04 19:59:33.492  INFO 2760 --- [    Test worker] p6spy                                    : #1688468373492 | took 0ms | statement | connection 2| url jdbc:h2:tcp://localhost/~/pseuteam

    create table game_tag (
       id bigint not null,
        game_id bigint,
        tag_id bigint,
        primary key (id)
    )

    create table game_tag (
       id bigint not null,
        game_id bigint,
        tag_id bigint,
        primary key (id)
    );
2023-07-04 19:59:33.494  INFO 2760 --- [    Test worker] p6spy                                    : #1688468373494 | took 1ms | statement | connection 2| url jdbc:h2:tcp://localhost/~/pseuteam

    create table library (
       library_id bigint not null,
        member_id bigint,
        primary key (library_id)
    )

    create table library (
       library_id bigint not null,
        member_id bigint,
        primary key (library_id)
    );
2023-07-04 19:59:33.496  INFO 2760 --- [    Test worker] p6spy                                    : #1688468373496 | took 0ms | statement | connection 2| url jdbc:h2:tcp://localhost/~/pseuteam

    create table member (
       member_id bigint not null,
        email varchar(255),
        grade varchar(255),
        login_name varchar(255),
        password varchar(255),
        phone_number varchar(255),
        steam_id bigint,
        primary key (member_id)
    )

    create table member (
       member_id bigint not null,
        email varchar(255),
        grade varchar(255),
        login_name varchar(255),
        password varchar(255),
        phone_number varchar(255),
        steam_id bigint,
        primary key (member_id)
    );
2023-07-04 19:59:33.498  INFO 2760 --- [    Test worker] p6spy                                    : #1688468373498 | took 1ms | statement | connection 2| url jdbc:h2:tcp://localhost/~/pseuteam

    create table steam (
       steam_id bigint not null,
        primary key (steam_id)
    )

    create table steam (
       steam_id bigint not null,
        primary key (steam_id)
    );
2023-07-04 19:59:33.500  INFO 2760 --- [    Test worker] p6spy                                    : #1688468373500 | took 0ms | statement | connection 2| url jdbc:h2:tcp://localhost/~/pseuteam

    create table tag (
       tag_id bigint not null,
        name varchar(255),
        primary key (tag_id)
    )

    create table tag (
       tag_id bigint not null,
        name varchar(255),
        primary key (tag_id)
    );
2023-07-04 19:59:33.501  INFO 2760 --- [    Test worker] p6spy                                    : #1688468373501 | took 0ms | statement | connection 2| url jdbc:h2:tcp://localhost/~/pseuteam

    create table wish_list_game (
       id bigint not null,
        game_id bigint,
        wishlist_item_id bigint,
        primary key (id)
    )

    create table wish_list_game (
       id bigint not null,
        game_id bigint,
        wishlist_item_id bigint,
        primary key (id)
    );
2023-07-04 19:59:33.503  INFO 2760 --- [    Test worker] p6spy                                    : #1688468373503 | took 1ms | statement | connection 2| url jdbc:h2:tcp://localhost/~/pseuteam

    create table wish_list_item (
       dtype varchar(31) not null,
        wishlist_item_id bigint not null,
        member_id bigint,
        library_id bigint,
        primary key (wishlist_item_id)
    )

    create table wish_list_item (
       dtype varchar(31) not null,
        wishlist_item_id bigint not null,
        member_id bigint,
        library_id bigint,
        primary key (wishlist_item_id)
    );
2023-07-04 19:59:33.507  INFO 2760 --- [    Test worker] p6spy                                    : #1688468373507 | took 3ms | statement | connection 2| url jdbc:h2:tcp://localhost/~/pseuteam

    alter table cart_item_game 
       add constraint FKtoxetr9iey22fqgy21edxwwn5 
       foreign key (cart_item_id) 
       references wish_list_item

    alter table cart_item_game 
       add constraint FKtoxetr9iey22fqgy21edxwwn5 
       foreign key (cart_item_id) 
       references wish_list_item;
2023-07-04 19:59:33.510  INFO 2760 --- [    Test worker] p6spy                                    : #1688468373510 | took 2ms | statement | connection 2| url jdbc:h2:tcp://localhost/~/pseuteam

    alter table cart_item_game 
       add constraint FKmpliikb7c9a6rpv8v0h0k0gc4 
       foreign key (game_id) 
       references game

    alter table cart_item_game 
       add constraint FKmpliikb7c9a6rpv8v0h0k0gc4 
       foreign key (game_id) 
       references game;
2023-07-04 19:59:33.515  INFO 2760 --- [    Test worker] p6spy                                    : #1688468373515 | took 4ms | statement | connection 2| url jdbc:h2:tcp://localhost/~/pseuteam

    alter table cart_item_game 
       add constraint FKqrmwmua5b6bo36upli1h3437s 
       foreign key (member_id) 
       references member

    alter table cart_item_game 
       add constraint FKqrmwmua5b6bo36upli1h3437s 
       foreign key (member_id) 
       references member;
2023-07-04 19:59:33.517  INFO 2760 --- [    Test worker] p6spy                                    : #1688468373517 | took 2ms | statement | connection 2| url jdbc:h2:tcp://localhost/~/pseuteam

    alter table game_tag 
       add constraint FKl00go74mo6stc7gj7s5u8yelp 
       foreign key (game_id) 
       references game

    alter table game_tag 
       add constraint FKl00go74mo6stc7gj7s5u8yelp 
       foreign key (game_id) 
       references game;
2023-07-04 19:59:33.520  INFO 2760 --- [    Test worker] p6spy                                    : #1688468373520 | took 1ms | statement | connection 2| url jdbc:h2:tcp://localhost/~/pseuteam

    alter table game_tag 
       add constraint FKnuf1gcibyvg209b2lc93bjg23 
       foreign key (tag_id) 
       references tag

    alter table game_tag 
       add constraint FKnuf1gcibyvg209b2lc93bjg23 
       foreign key (tag_id) 
       references tag;
2023-07-04 19:59:33.522  INFO 2760 --- [    Test worker] p6spy                                    : #1688468373522 | took 1ms | statement | connection 2| url jdbc:h2:tcp://localhost/~/pseuteam

    alter table library 
       add constraint FK363v184ksjdcgqilqos035r6f 
       foreign key (member_id) 
       references member

    alter table library 
       add constraint FK363v184ksjdcgqilqos035r6f 
       foreign key (member_id) 
       references member;
2023-07-04 19:59:33.523  INFO 2760 --- [    Test worker] p6spy                                    : #1688468373523 | took 1ms | statement | connection 2| url jdbc:h2:tcp://localhost/~/pseuteam

    alter table member 
       add constraint FKdmmgh7isflm0xw4jmyxwivgv 
       foreign key (steam_id) 
       references steam

    alter table member 
       add constraint FKdmmgh7isflm0xw4jmyxwivgv 
       foreign key (steam_id) 
       references steam;
2023-07-04 19:59:33.526  INFO 2760 --- [    Test worker] p6spy                                    : #1688468373526 | took 2ms | statement | connection 2| url jdbc:h2:tcp://localhost/~/pseuteam

    alter table wish_list_game 
       add constraint FK6hybvy2lput8a1qt7tlhqvptt 
       foreign key (game_id) 
       references game

    alter table wish_list_game 
       add constraint FK6hybvy2lput8a1qt7tlhqvptt 
       foreign key (game_id) 
       references game;
2023-07-04 19:59:33.529  INFO 2760 --- [    Test worker] p6spy                                    : #1688468373529 | took 2ms | statement | connection 2| url jdbc:h2:tcp://localhost/~/pseuteam

    alter table wish_list_game 
       add constraint FKi1g8319yayc616qkc4kb7fecm 
       foreign key (wishlist_item_id) 
       references wish_list_item

    alter table wish_list_game 
       add constraint FKi1g8319yayc616qkc4kb7fecm 
       foreign key (wishlist_item_id) 
       references wish_list_item;
2023-07-04 19:59:33.530  INFO 2760 --- [    Test worker] p6spy                                    : #1688468373530 | took 0ms | statement | connection 2| url jdbc:h2:tcp://localhost/~/pseuteam

    alter table wish_list_item 
       add constraint FK1mywq4jmysjulaf0druwb9thm 
       foreign key (member_id) 
       references member

    alter table wish_list_item 
       add constraint FK1mywq4jmysjulaf0druwb9thm 
       foreign key (member_id) 
       references member;
2023-07-04 19:59:33.532  INFO 2760 --- [    Test worker] p6spy                                    : #1688468373532 | took 1ms | statement | connection 2| url jdbc:h2:tcp://localhost/~/pseuteam

    alter table wish_list_item 
       add constraint FK1ufb00jt7pek9hq3r5cq0mi4k 
       foreign key (library_id) 
       references library

    alter table wish_list_item 
       add constraint FK1ufb00jt7pek9hq3r5cq0mi4k 
       foreign key (library_id) 
       references library;
2023-07-04 19:59:33.533  INFO 2760 --- [    Test worker] o.h.e.t.j.p.i.JtaPlatformInitiator       : HHH000490: Using JtaPlatform implementation: [org.hibernate.engine.transaction.jta.platform.internal.NoJtaPlatform]
2023-07-04 19:59:33.538 TRACE 2760 --- [    Test worker] o.h.type.spi.TypeConfiguration$Scope     : Handling #sessionFactoryCreated from [org.hibernate.internal.SessionFactoryImpl@2f166d61] for TypeConfiguration
2023-07-04 19:59:33.539  INFO 2760 --- [    Test worker] j.LocalContainerEntityManagerFactoryBean : Initialized JPA EntityManagerFactory for persistence unit 'default'
2023-07-04 19:59:33.912  WARN 2760 --- [    Test worker] JpaBaseConfiguration$JpaWebConfiguration : spring.jpa.open-in-view is enabled by default. Therefore, database queries may be performed during view rendering. Explicitly configure spring.jpa.open-in-view to disable this warning
2023-07-04 19:59:34.037  INFO 2760 --- [    Test worker] o.s.b.a.h2.H2ConsoleAutoConfiguration    : H2 console available at '/h2-console'. Database available at 'jdbc:h2:tcp://localhost/~/pseuteam'
2023-07-04 19:59:34.186  INFO 2760 --- [    Test worker] c.n.s.service.MemberServiceTest          : Started MemberServiceTest in 2.405 seconds (JVM running for 2.975)
2023-07-04 19:59:34.324 TRACE 2760 --- [    Test worker] o.h.type.descriptor.sql.BasicBinder      : binding parameter [1] as [VARCHAR] - [login-example1]
2023-07-04 19:59:34.335  INFO 2760 --- [    Test worker] p6spy                                    : #1688468374335 | took 9ms | statement | connection 4| url jdbc:h2:tcp://localhost/~/pseuteam
select member0_.member_id as member_i1_4_, member0_.email as email2_4_, member0_.grade as grade3_4_, member0_.login_name as login_na4_4_, member0_.password as password5_4_, member0_.phone_number as phone_nu6_4_, member0_.steam_id as steam_id7_4_ from member member0_ where member0_.login_name=?
select member0_.member_id as member_i1_4_, member0_.email as email2_4_, member0_.grade as grade3_4_, member0_.login_name as login_na4_4_, member0_.password as password5_4_, member0_.phone_number as phone_nu6_4_, member0_.steam_id as steam_id7_4_ from member member0_ where member0_.login_name='login-example1';
2023-07-04 19:59:34.361  INFO 2760 --- [    Test worker] p6spy                                    : #1688468374361 | took 2ms | statement | connection 5| url jdbc:h2:tcp://localhost/~/pseuteam
call next value for hibernate_sequence
call next value for hibernate_sequence;
2023-07-04 19:59:34.375  INFO 2760 --- [    Test worker] p6spy                                    : #1688468374375 | took 0ms | rollback | connection 5| url jdbc:h2:tcp://localhost/~/pseuteam

;
</pre>
</span>
</div>
</div>
<div id="footer">
<p>
<div>
<label class="hidden" id="label-for-line-wrapping-toggle" for="line-wrapping-toggle">Wrap lines
<input id="line-wrapping-toggle" type="checkbox" autocomplete="off"/>
</label>
</div>Generated by 
<a href="http://www.gradle.org">Gradle 8.1.1</a> at 2023. 7. 4. 오후 7:59:34</p>
</div>
</div>
</body>
</html>
